<?xml version="1.0" encoding="UTF-8"?>
<!-- Generated by org.testng.reporters.JUnitReportReporter -->
<testsuite skipped="1" hostname="RS" name="com.LoginWhatsApp" tests="2" failures="0" timestamp="30 Nov 2019 06:41:29 GMT" time="17.948" errors="1">
  <testcase name="setUp" time="17.948" classname="com.LoginWhatsApp">
    <error type="org.openqa.selenium.SessionNotCreatedException" message="session not created: This version of ChromeDriver only supports Chrome version 75
Build info: version: &#039;3.9.1&#039;, revision: &#039;63f7b50&#039;, time: &#039;2018-02-07T22:25:02.294Z&#039;
System info: host: &#039;RS&#039;, ip: &#039;192.168.0.107&#039;, os.name: &#039;Windows 8.1&#039;, os.arch: &#039;amd64&#039;, os.version: &#039;6.3&#039;, java.version: &#039;1.8.0_151&#039;
Driver info: driver.version: ChromeDriver
remote stacktrace: Backtrace:
	Ordinal0 [0x014E1B23+1448739]
	Ordinal0 [0x01465A11+940561]
	Ordinal0 [0x013F2293+467603]
	Ordinal0 [0x0138F27E+62078]
	Ordinal0 [0x0138BBBD+48061]
	Ordinal0 [0x013A8D19+167193]
	Ordinal0 [0x013A88ED+166125]
	Ordinal0 [0x013A6FFB+159739]
	Ordinal0 [0x013909F6+68086]
	Ordinal0 [0x01391990+72080]
	Ordinal0 [0x01391929+71977]
	GetHandleVerifier [0x01622E4C+1172140]
	GetHandleVerifier [0x0157FE35+504469]
	GetHandleVerifier [0x0157FBD0+503856]
	Ordinal0 [0x014EC9A8+1493416]
	GetHandleVerifier [0x0158060A+506474]
	Ordinal0 [0x01477136+1012022]
	Ordinal0 [0x01476FAF+1011631]
	Ordinal0 [0x0148133B+1053499]
	Ordinal0 [0x014814A3+1053859]
	Ordinal0 [0x014804D5+1049813]
	BaseThreadInitThunk [0x75897C04+36]
	RtlInitializeExceptionChain [0x776DAB8F+143]
	RtlInitializeExceptionChain [0x776DAB5A+90]
">
      <![CDATA[org.openqa.selenium.SessionNotCreatedException: session not created: This version of ChromeDriver only supports Chrome version 75
Build info: version: '3.9.1', revision: '63f7b50', time: '2018-02-07T22:25:02.294Z'
System info: host: 'RS', ip: '192.168.0.107', os.name: 'Windows 8.1', os.arch: 'amd64', os.version: '6.3', java.version: '1.8.0_151'
Driver info: driver.version: ChromeDriver
remote stacktrace: Backtrace:
Ordinal0 [0x014E1B23+1448739]
Ordinal0 [0x01465A11+940561]
Ordinal0 [0x013F2293+467603]
Ordinal0 [0x0138F27E+62078]
Ordinal0 [0x0138BBBD+48061]
Ordinal0 [0x013A8D19+167193]
Ordinal0 [0x013A88ED+166125]
Ordinal0 [0x013A6FFB+159739]
Ordinal0 [0x013909F6+68086]
Ordinal0 [0x01391990+72080]
Ordinal0 [0x01391929+71977]
GetHandleVerifier [0x01622E4C+1172140]
GetHandleVerifier [0x0157FE35+504469]
GetHandleVerifier [0x0157FBD0+503856]
Ordinal0 [0x014EC9A8+1493416]
GetHandleVerifier [0x0158060A+506474]
Ordinal0 [0x01477136+1012022]
Ordinal0 [0x01476FAF+1011631]
Ordinal0 [0x0148133B+1053499]
Ordinal0 [0x014814A3+1053859]
Ordinal0 [0x014804D5+1049813]
BaseThreadInitThunk [0x75897C04+36]
RtlInitializeExceptionChain [0x776DAB8F+143]
RtlInitializeExceptionChain [0x776DAB5A+90]

at sun.reflect.NativeConstructorAccessorImpl.newInstance0(Native Method)
at sun.reflect.NativeConstructorAccessorImpl.newInstance(Unknown Source)
at sun.reflect.DelegatingConstructorAccessorImpl.newInstance(Unknown Source)
at java.lang.reflect.Constructor.newInstance(Unknown Source)
at org.openqa.selenium.remote.W3CHandshakeResponse.lambda$new$0(W3CHandshakeResponse.java:57)
at org.openqa.selenium.remote.W3CHandshakeResponse.lambda$getResponseFunction$2(W3CHandshakeResponse.java:104)
at org.openqa.selenium.remote.ProtocolHandshake.lambda$createSession$0(ProtocolHandshake.java:123)
at java.util.stream.ReferencePipeline$3$1.accept(Unknown Source)
at java.util.Spliterators$ArraySpliterator.tryAdvance(Unknown Source)
at java.util.stream.ReferencePipeline.forEachWithCancel(Unknown Source)
at java.util.stream.AbstractPipeline.copyIntoWithCancel(Unknown Source)
at java.util.stream.AbstractPipeline.copyInto(Unknown Source)
at java.util.stream.AbstractPipeline.wrapAndCopyInto(Unknown Source)
at java.util.stream.FindOps$FindOp.evaluateSequential(Unknown Source)
at java.util.stream.AbstractPipeline.evaluate(Unknown Source)
at java.util.stream.ReferencePipeline.findFirst(Unknown Source)
at org.openqa.selenium.remote.ProtocolHandshake.createSession(ProtocolHandshake.java:126)
at org.openqa.selenium.remote.ProtocolHandshake.createSession(ProtocolHandshake.java:73)
at org.openqa.selenium.remote.HttpCommandExecutor.execute(HttpCommandExecutor.java:138)
at org.openqa.selenium.remote.service.DriverCommandExecutor.execute(DriverCommandExecutor.java:83)
at org.openqa.selenium.remote.RemoteWebDriver.execute(RemoteWebDriver.java:601)
at org.openqa.selenium.remote.RemoteWebDriver.startSession(RemoteWebDriver.java:219)
at org.openqa.selenium.remote.RemoteWebDriver.<init>(RemoteWebDriver.java:142)
at org.openqa.selenium.chrome.ChromeDriver.<init>(ChromeDriver.java:181)
at org.openqa.selenium.chrome.ChromeDriver.<init>(ChromeDriver.java:168)
at org.openqa.selenium.chrome.ChromeDriver.<init>(ChromeDriver.java:123)
at com.TestBase.setUp(TestBase.java:17)
at sun.reflect.NativeMethodAccessorImpl.invoke0(Native Method)
at sun.reflect.NativeMethodAccessorImpl.invoke(Unknown Source)
at sun.reflect.DelegatingMethodAccessorImpl.invoke(Unknown Source)
at java.lang.reflect.Method.invoke(Unknown Source)
at org.testng.internal.MethodInvocationHelper.invokeMethod(MethodInvocationHelper.java:124)
at org.testng.internal.MethodInvocationHelper.invokeMethodConsideringTimeout(MethodInvocationHelper.java:59)
at org.testng.internal.Invoker.invokeConfigurationMethod(Invoker.java:455)
at org.testng.internal.Invoker.invokeConfigurations(Invoker.java:222)
at org.testng.internal.Invoker.invokeConfigurations(Invoker.java:142)
at org.testng.internal.TestMethodWorker.invokeBeforeClassMethods(TestMethodWorker.java:168)
at org.testng.internal.TestMethodWorker.run(TestMethodWorker.java:105)
at org.testng.TestRunner.privateRun(TestRunner.java:648)
at org.testng.TestRunner.run(TestRunner.java:505)
at org.testng.SuiteRunner.runTest(SuiteRunner.java:455)
at org.testng.SuiteRunner.runSequentially(SuiteRunner.java:450)
at org.testng.SuiteRunner.privateRun(SuiteRunner.java:415)
at org.testng.SuiteRunner.run(SuiteRunner.java:364)
at org.testng.SuiteRunnerWorker.runSuite(SuiteRunnerWorker.java:52)
at org.testng.SuiteRunnerWorker.run(SuiteRunnerWorker.java:84)
at org.testng.TestNG.runSuitesSequentially(TestNG.java:1208)
at org.testng.TestNG.runSuitesLocally(TestNG.java:1137)
at org.testng.TestNG.runSuites(TestNG.java:1049)
at org.testng.TestNG.run(TestNG.java:1017)
at org.testng.remote.AbstractRemoteTestNG.run(AbstractRemoteTestNG.java:114)
at org.testng.remote.RemoteTestNG.initAndRun(RemoteTestNG.java:251)
at org.testng.remote.RemoteTestNG.main(RemoteTestNG.java:77)
]]>
    </error>
  </testcase> <!-- setUp -->
  <testcase name="chkMsg" time="0.000" classname="com.LoginWhatsApp">
    <skipped/>
  </testcase> <!-- chkMsg -->
</testsuite> <!-- com.LoginWhatsApp -->
